<?xml version="1.0" encoding="UTF-8"?>
<!-- Generated by org.testng.reporters.JUnitReportReporter -->
<testsuite hostname="DESKTOP-1MEA469" failures="0" tests="1" name="com.wordpress.TestCases.VerifyWordPressLogin2" time="26.987" errors="0" timestamp="2020-08-14T21:58:54 IST" skipped="0">
  <testcase classname="com.wordpress.TestCases.VerifyWordPressLogin2" name="verifyValidLogin" time="26.987"/>
  <system-out/>
</testsuite> <!-- com.wordpress.TestCases.VerifyWordPressLogin2 -->
