<?xml version="1.0" encoding="UTF-8"?>
<!-- Generated by org.testng.reporters.JUnitReportReporter -->
<testsuite hostname="DESKTOP-1MEA469" failures="0" tests="3" name="com.crm.qa.pages.WebDriverExample" time="4.078" errors="0" timestamp="2020-08-14T21:16:11 IST" skipped="0">
  <testcase classname="com.crm.qa.pages.WebDriverExample" name="Seleniumtest3" time="0.017"/>
  <system-out/>
  <testcase classname="com.crm.qa.pages.WebDriverExample" name="Seleniumtest1" time="4.047"/>
  <system-out/>
  <testcase classname="com.crm.qa.pages.WebDriverExample" name="Seleniumtest2" time="0.014"/>
  <system-out/>
</testsuite> <!-- com.crm.qa.pages.WebDriverExample -->
