<?xml version="1.0" encoding="UTF-8"?>
<!-- Generated by org.testng.reporters.JUnitReportReporter -->
<testsuite hostname="DESKTOP-1MEA469" failures="0" tests="1" name="com.wordpress.TestCases.VerifyFindByLoginPage" time="1.715" errors="0" timestamp="2020-08-15T19:44:50 IST" skipped="0">
  <testcase classname="com.wordpress.TestCases.VerifyFindByLoginPage" name="checkValidateUser" time="1.715"/>
  <system-out/>
</testsuite> <!-- com.wordpress.TestCases.VerifyFindByLoginPage -->
