<?xml version="1.0" encoding="UTF-8"?>
<!-- Generated by org.testng.reporters.JUnitReportReporter -->
<testsuite hostname="DESKTOP-1MEA469" failures="0" tests="1" name="com.wordpress.TestCases.VerifyWordPressLogin" time="19.278" errors="0" timestamp="2020-08-14T21:50:04 IST" skipped="0">
  <testcase classname="com.wordpress.TestCases.VerifyWordPressLogin" name="verifyValidLogin" time="19.278"/>
  <system-out/>
</testsuite> <!-- com.wordpress.TestCases.VerifyWordPressLogin -->
